<?xml version="1.0" encoding="UTF-8"?>
<!-- Generated by org.testng.reporters.JUnitReportReporter -->
<testsuite hostname="ICS-LT-CSK96V3" failures="0" tests="1" name="test.RouteOneLoginTest" time="0.218" errors="0" timestamp="2024-07-20T12:11:10 IST" skipped="0">
  <testcase classname="test.RouteOneLoginTest" name="login" time="0.218"/>
</testsuite> <!-- test.RouteOneLoginTest -->
