<?xml version="1.0" encoding="UTF-8"?>
<!-- Generated by org.testng.reporters.JUnitReportReporter -->
<testsuite hostname="ICS-LT-CSK96V3" failures="0" tests="5" name="test.DemoTest" time="58.270" errors="0" timestamp="2024-08-02T12:33:23 IST" skipped="2">
  <testcase classname="test.DemoTest" name="login" time="38.292">
    <system-out>
      <![CDATA[Method login Passed]]>
    </system-out>
  </testcase> <!-- login -->
  <testcase classname="test.DemoTest" name="selectTenant" time="3.332">
    <system-out>
      <![CDATA[Method selectTenant Passed]]>
    </system-out>
  </testcase> <!-- selectTenant -->
  <testcase classname="test.DemoTest" name="selectDealerCustomer" time="16.646">
    <system-out>
      <![CDATA[Method selectDealerCustomer Passed]]>
    </system-out>
  </testcase> <!-- selectDealerCustomer -->
  <testcase classname="test.DemoTest" name="enterCo1Details">
    <skipped/>
  </testcase> <!-- enterCo1Details -->
  <testcase classname="test.DemoTest" name="enterCustomerDetails">
    <skipped/>
  </testcase> <!-- enterCustomerDetails -->
  <system-out>
    <![CDATA[Method login Passed
Method selectTenant Passed
Method selectDealerCustomer Passed]]>
  </system-out>
</testsuite> <!-- test.DemoTest -->
